2025-04-18 13:52:06.482 [main] INFO  codenbox.testBase.Base - Clicked login button
2025-04-18 13:52:06.485 [main] INFO  codenbox.testBase.Base - Clicked on Login
2025-04-18 13:52:06.509 [main] INFO  codenbox.testBase.Base - Account Page Verification
2025-04-18 13:52:16.579 [main] INFO  codenbox.testBase.Base - Login Test failed
2025-04-18 13:52:19.766 [main] INFO  codenbox.testBase.Base - ***Starting Registration Test***
2025-04-18 13:52:19.767 [main] INFO  codenbox.testBase.Base - Clicked on My Account Link
2025-04-18 13:52:19.802 [main] INFO  codenbox.testBase.Base - Clicked on Login page
2025-04-18 13:52:20.131 [main] INFO  codenbox.testBase.Base - Enter the details to login
2025-04-18 13:52:20.131 [main] INFO  codenbox.testBase.Base - Enter email to login
2025-04-18 13:52:20.229 [main] INFO  codenbox.testBase.Base - Enter password to login
2025-04-18 13:52:20.251 [main] INFO  codenbox.testBase.Base - Clicked login button
2025-04-18 13:52:20.251 [main] INFO  codenbox.testBase.Base - Clicked on Login
2025-04-18 13:52:20.277 [main] INFO  codenbox.testBase.Base - Account Page Verification
2025-04-18 13:52:30.383 [main] INFO  codenbox.testBase.Base - Login Test failed
2025-04-18 13:53:26.789 [main] INFO  codenbox.testBase.Base - ***Starting Registration Test***
2025-04-18 13:53:26.795 [main] INFO  codenbox.testBase.Base - Clicked on My Account Link
2025-04-18 13:53:26.822 [main] INFO  codenbox.testBase.Base - Clicked on Login page
2025-04-18 13:53:27.201 [main] INFO  codenbox.testBase.Base - Enter the details to login
2025-04-18 13:53:27.202 [main] INFO  codenbox.testBase.Base - Enter email to login
2025-04-18 13:53:27.259 [main] INFO  codenbox.testBase.Base - Enter password to login
2025-04-18 13:53:27.280 [main] INFO  codenbox.testBase.Base - Clicked login button
2025-04-18 13:53:27.280 [main] INFO  codenbox.testBase.Base - Clicked on Login
2025-04-18 13:53:27.305 [main] INFO  codenbox.testBase.Base - Account Page Verification
2025-04-18 13:53:28.343 [main] INFO  codenbox.testBase.Base - Login Test failed
2025-04-18 13:53:28.343 [main] INFO  codenbox.testBase.Base - ***Completed Login Test***
2025-04-22 12:54:32.691 [main] INFO  codenbox.testBase.Base - ***Starting Registration Test***
2025-04-22 12:54:32.697 [main] INFO  codenbox.testBase.Base - Clicked on My Account Link
2025-04-22 12:54:32.725 [main] INFO  codenbox.testBase.Base - Clicked on Register Link
2025-04-22 12:54:33.343 [main] INFO  codenbox.testBase.Base - Entered registration details
2025-04-22 12:54:33.501 [main] INFO  codenbox.testBase.Base - Clicked on privacy policy
2025-04-22 12:54:33.525 [main] INFO  codenbox.testBase.Base - Clicked on Continue button
2025-04-22 12:54:33.558 [main] INFO  codenbox.testBase.Base - Validating expected VS actual message
2025-04-22 12:54:34.438 [main] INFO  codenbox.testBase.Base - ***Completed Registration Test***
2025-04-22 12:54:38.104 [main] INFO  codenbox.testBase.Base - ***Starting Registration Test***
2025-04-22 12:54:38.104 [main] INFO  codenbox.testBase.Base - Clicked on My Account Link
2025-04-22 12:54:38.131 [main] INFO  codenbox.testBase.Base - Clicked on Login page
2025-04-22 12:54:38.540 [main] INFO  codenbox.testBase.Base - Enter the details to login
2025-04-22 12:54:38.541 [main] INFO  codenbox.testBase.Base - Enter email to login
2025-04-22 12:54:38.616 [main] INFO  codenbox.testBase.Base - Enter password to login
2025-04-22 12:54:38.638 [main] INFO  codenbox.testBase.Base - Clicked login button
2025-04-22 12:54:38.638 [main] INFO  codenbox.testBase.Base - Clicked on Login
2025-04-22 12:54:38.665 [main] INFO  codenbox.testBase.Base - Account Page Verification
2025-04-22 12:54:39.621 [main] INFO  codenbox.testBase.Base - Login Test failed
2025-04-22 12:54:39.621 [main] INFO  codenbox.testBase.Base - ***Completed Login Test***
2025-04-22 13:53:52.871 [main] INFO  codenbox.testBase.Base - ***Starting Registration Test***
2025-04-22 13:53:52.878 [main] INFO  codenbox.testBase.Base - Clicked on My Account Link
2025-04-22 13:53:52.906 [main] INFO  codenbox.testBase.Base - Clicked on Register Link
2025-04-22 13:53:53.645 [main] INFO  codenbox.testBase.Base - Entered registration details
2025-04-22 13:53:53.812 [main] INFO  codenbox.testBase.Base - Clicked on privacy policy
2025-04-22 13:53:53.836 [main] INFO  codenbox.testBase.Base - Clicked on Continue button
2025-04-22 13:53:54.751 [main] INFO  codenbox.testBase.Base - Validating expected VS actual message
2025-04-22 13:53:54.769 [main] INFO  codenbox.testBase.Base - ***Completed Registration Test***
2025-04-22 13:53:58.288 [main] INFO  codenbox.testBase.Base - ***Starting Registration Test***
2025-04-22 13:53:58.289 [main] INFO  codenbox.testBase.Base - Clicked on My Account Link
2025-04-22 13:53:58.324 [main] INFO  codenbox.testBase.Base - Clicked on Login page
2025-04-22 13:53:58.755 [main] INFO  codenbox.testBase.Base - Enter the details to login
2025-04-22 13:53:58.756 [main] INFO  codenbox.testBase.Base - Enter email to login
2025-04-22 13:53:58.813 [main] INFO  codenbox.testBase.Base - Enter password to login
