2025-04-28 17:17:00.005 [main] INFO  codenbox.testBase.Base - Enter password to login
2025-04-28 17:17:00.034 [main] INFO  codenbox.testBase.Base - Clicked login button
2025-04-28 17:17:00.034 [main] INFO  codenbox.testBase.Base - Clicked on Login
2025-04-28 17:17:00.060 [main] INFO  codenbox.testBase.Base - Account Page Verification
2025-04-28 17:17:00.954 [main] INFO  codenbox.testBase.Base - Login Test failed
2025-04-28 17:17:00.954 [main] INFO  codenbox.testBase.Base - ***Completed Login Test***
2025-04-28 17:19:24.114 [main] INFO  codenbox.testBase.Base - ***Starting Registration Test***
2025-04-28 17:19:24.121 [main] INFO  codenbox.testBase.Base - Clicked on My Account Link
2025-04-28 17:19:24.149 [main] INFO  codenbox.testBase.Base - Clicked on Register Link
2025-04-28 17:19:24.812 [main] INFO  codenbox.testBase.Base - Entered registration details
2025-04-28 17:19:24.968 [main] INFO  codenbox.testBase.Base - Clicked on privacy policy
2025-04-28 17:19:25.010 [main] INFO  codenbox.testBase.Base - Clicked on Continue button
2025-04-28 17:19:25.039 [main] INFO  codenbox.testBase.Base - Validating expected VS actual message
2025-04-28 17:19:26.106 [main] INFO  codenbox.testBase.Base - ***Completed Registration Test***
2025-04-28 17:19:29.292 [main] INFO  codenbox.testBase.Base - ***Starting Registration Test***
2025-04-28 17:19:29.294 [main] INFO  codenbox.testBase.Base - Clicked on My Account Link
2025-04-28 17:19:29.333 [main] INFO  codenbox.testBase.Base - Clicked on Login page
2025-04-28 17:19:29.676 [main] INFO  codenbox.testBase.Base - Enter the details to login
2025-04-28 17:19:29.677 [main] INFO  codenbox.testBase.Base - Enter email to login
2025-04-28 17:19:29.749 [main] INFO  codenbox.testBase.Base - Enter password to login
2025-04-28 17:19:29.770 [main] INFO  codenbox.testBase.Base - Clicked login button
2025-04-28 17:19:29.771 [main] INFO  codenbox.testBase.Base - Clicked on Login
2025-04-28 17:19:29.794 [main] INFO  codenbox.testBase.Base - Account Page Verification
2025-04-28 17:19:30.718 [main] INFO  codenbox.testBase.Base - Login Test failed
2025-04-28 17:19:30.718 [main] INFO  codenbox.testBase.Base - ***Completed Login Test***
2025-04-28 17:21:34.972 [main] DEBUG org.apache.poi.openxml4j.opc.PackageRelationshipCollection - Parsing relationship: /xl/_rels/workbook.xml.rels
2025-04-28 17:21:34.973 [main] DEBUG org.apache.poi.openxml4j.opc.PackageRelationshipCollection - Parsing relationship: /xl/worksheets/_rels/sheet1.xml.rels
2025-04-28 17:21:34.974 [main] DEBUG org.apache.poi.openxml4j.opc.PackageRelationshipCollection - Parsing relationship: /_rels/.rels
2025-04-28 17:22:29.249 [main] INFO  codenbox.testBase.Base - ***Starting Registration Test***
2025-04-28 17:22:29.256 [main] INFO  codenbox.testBase.Base - Clicked on My Account Link
2025-04-28 17:22:29.289 [main] INFO  codenbox.testBase.Base - Clicked on Register Link
2025-04-28 17:22:30.030 [main] INFO  codenbox.testBase.Base - Entered registration details
2025-04-28 17:22:30.203 [main] INFO  codenbox.testBase.Base - Clicked on privacy policy
2025-04-28 17:22:30.229 [main] INFO  codenbox.testBase.Base - Clicked on Continue button
2025-04-28 17:22:30.257 [main] INFO  codenbox.testBase.Base - Validating expected VS actual message
2025-04-28 17:22:31.247 [main] INFO  codenbox.testBase.Base - ***Completed Registration Test***
2025-04-28 17:22:34.878 [main] INFO  codenbox.testBase.Base - ***Starting Registration Test***
2025-04-28 17:22:34.879 [main] INFO  codenbox.testBase.Base - Clicked on My Account Link
2025-04-28 17:22:34.909 [main] INFO  codenbox.testBase.Base - Clicked on Login page
2025-04-28 17:22:35.345 [main] INFO  codenbox.testBase.Base - Enter the details to login
2025-04-28 17:22:35.346 [main] INFO  codenbox.testBase.Base - Enter email to login
2025-04-28 17:22:35.405 [main] INFO  codenbox.testBase.Base - Enter password to login
2025-04-28 17:22:35.434 [main] INFO  codenbox.testBase.Base - Clicked login button
2025-04-28 17:22:35.434 [main] INFO  codenbox.testBase.Base - Clicked on Login
2025-04-28 17:22:35.474 [main] INFO  codenbox.testBase.Base - Account Page Verification
2025-04-28 17:22:36.390 [main] INFO  codenbox.testBase.Base - Login Test failed
2025-04-28 17:22:36.390 [main] INFO  codenbox.testBase.Base - ***Completed Login Test***
2025-04-28 17:27:36.553 [main] DEBUG org.apache.poi.openxml4j.opc.PackageRelationshipCollection - Parsing relationship: /xl/_rels/workbook.xml.rels
2025-04-28 17:27:36.555 [main] DEBUG org.apache.poi.openxml4j.opc.PackageRelationshipCollection - Parsing relationship: /xl/worksheets/_rels/sheet1.xml.rels
2025-04-28 17:27:36.555 [main] DEBUG org.apache.poi.openxml4j.opc.PackageRelationshipCollection - Parsing relationship: /_rels/.rels
2025-04-28 17:30:49.998 [main] INFO  codenbox.testBase.Base - ***Starting Registration Test***
2025-04-28 17:30:50.004 [main] INFO  codenbox.testBase.Base - Clicked on My Account Link
2025-04-28 17:30:50.037 [main] INFO  codenbox.testBase.Base - Clicked on Register Link
